<?xml version="1.0" encoding="UTF-8"?>
<testng-results ignored="0" total="1" passed="1" failed="0" skipped="0">
  <reporter-output>
  </reporter-output>
  <suite started-at="2022-11-05T20:39:29Z" name="Default suite" finished-at="2022-11-05T20:39:32Z" duration-ms="2658">
    <groups>
    </groups>
    <test started-at="2022-11-05T20:39:29Z" name="Default test" finished-at="2022-11-05T20:39:32Z" duration-ms="2658">
      <class name="test.CreateNewAccountPageTest">
        <test-method is-config="true" signature="setup()[pri:0, instance:test.CreateNewAccountPageTest@4470fbd6]" started-at="2022-11-05T16:39:27Z" name="setup" finished-at="2022-11-05T16:39:29Z" duration-ms="2071" status="PASS">
          <reporter-output>
          </reporter-output>
        </test-method> <!-- setup -->
        <test-method signature="createnewaccountpagetest(java.lang.String, java.lang.String, java.lang.String, java.lang.String)[pri:0, instance:test.CreateNewAccountPageTest@4470fbd6]" started-at="2022-11-05T16:39:30Z" name="createnewaccountpagetest" data-provider="login" finished-at="2022-11-05T16:39:32Z" duration-ms="2503" status="PASS">
          <params>
            <param index="0">
              <value>
                <![CDATA[KKS]]>
              </value>
            </param>
            <param index="1">
              <value>
                <![CDATA[Group]]>
              </value>
            </param>
            <param index="2">
              <value>
                <![CDATA[kksgroup@gmail.com]]>
              </value>
            </param>
            <param index="3">
              <value>
                <![CDATA[Aug]]>
              </value>
            </param>
          </params>
          <reporter-output>
          </reporter-output>
        </test-method> <!-- createnewaccountpagetest -->
      </class> <!-- test.CreateNewAccountPageTest -->
    </test> <!-- Default test -->
  </suite> <!-- Default suite -->
</testng-results>
